Publishing Ping at aeron:udp?endpoint=pong:40124 on stream id 1002
Subscribing Pong at aeron:udp?endpoint=ping:40123 on stream id 1003
Message length of 32 bytes
Using exclusive publications false
Waiting for new image from Pong...
Available image on aeron:udp?endpoint=ping:40123 streamId=1003 sessionId=1539451445 mtu=1408 term-length=16777216 from 172.19.0.2:38082
Warming up... 10 iterations of 10000 messages
Pinging 10000000 messages
Histogram of RTT latencies in microseconds.
       Value     Percentile TotalCount 1/(1-Percentile)

      18.175 0.000000000000          1           1.00
      24.911 0.100000000000    1007146           1.11
      25.919 0.200000000000    2020351           1.25
      26.735 0.300000000000    3016208           1.43
      27.743 0.400000000000    4012913           1.67
      28.879 0.500000000000    5005810           2.00
      29.535 0.550000000000    5508972           2.22
      30.207 0.600000000000    6002983           2.50
      30.991 0.650000000000    6505199           2.86
      31.951 0.700000000000    7004188           3.33
      33.151 0.750000000000    7511249           4.00
      33.855 0.775000000000    7761895           4.44
      34.655 0.800000000000    8009929           5.00
      35.551 0.825000000000    8252053           5.71
      36.639 0.850000000000    8500731           6.67
      38.015 0.875000000000    8754090           8.00
      38.815 0.887500000000    8879091           8.89
      39.743 0.900000000000    9002515          10.00
      40.831 0.912500000000    9127630          11.43
      42.143 0.925000000000    9250151          13.33
      43.839 0.937500000000    9375024          16.00
      44.895 0.943750000000    9438410          17.78
      46.207 0.950000000000    9500474          20.00
      47.935 0.956250000000    9563043          22.86
      50.687 0.962500000000    9625148          26.67
      57.855 0.968750000000    9687615          32.00
      68.415 0.971875000000    9718753          35.56
      91.455 0.975000000000    9750014          40.00
     105.023 0.978125000000    9781420          45.71
     116.543 0.981250000000    9812621          53.33
     138.495 0.984375000000    9843833          64.00
     155.263 0.985937500000    9859457          71.11
     159.103 0.987500000000    9875399          80.00
     162.431 0.989062500000    9890719          91.43
     166.527 0.990625000000    9906653         106.67
     171.519 0.992187500000    9921896         128.00
     174.847 0.992968750000    9929850         142.22
     178.815 0.993750000000    9937528         160.00
     184.063 0.994531250000    9945351         182.86
     190.975 0.995312500000    9953182         213.33
     200.191 0.996093750000    9960975         256.00
     206.335 0.996484375000    9964875         284.44
     213.759 0.996875000000    9968814         320.00
     219.007 0.997265625000    9972690         365.71
     223.871 0.997656250000    9976621         426.67
     230.015 0.998046875000    9980496         512.00
     233.727 0.998242187500    9982448         568.89
     238.335 0.998437500000    9984402         640.00
     244.351 0.998632812500    9986362         731.43
     252.543 0.998828125000    9988289         853.33
     265.471 0.999023437500    9990235        1024.00
     274.175 0.999121093750    9991226        1137.78
     285.439 0.999218750000    9992207        1280.00
     298.751 0.999316406250    9993170        1462.86
     318.463 0.999414062500    9994152        1706.67
     350.719 0.999511718750    9995120        2048.00
     373.759 0.999560546875    9995608        2275.56
     401.407 0.999609375000    9996096        2560.00
     438.527 0.999658203125    9996589        2925.71
     487.679 0.999707031250    9997073        3413.33
     554.495 0.999755859375    9997561        4096.00
     598.527 0.999780273438    9997805        4551.11
     642.559 0.999804687500    9998048        5120.00
     693.247 0.999829101563    9998293        5851.43
     757.759 0.999853515625    9998538        6826.67
     831.999 0.999877929688    9998782        8192.00
     871.423 0.999890136719    9998904        9102.22
     931.839 0.999902343750    9999024       10240.00
    1020.927 0.999914550781    9999147       11702.86
    1162.239 0.999926757813    9999268       13653.33
    1295.359 0.999938964844    9999390       16384.00
    1393.663 0.999945068359    9999452       18204.44
    1597.439 0.999951171875    9999512       20480.00
    1748.991 0.999957275391    9999573       23405.71
    1860.607 0.999963378906    9999635       27306.67
    2099.199 0.999969482422    9999695       32768.00
    2381.823 0.999972534180    9999726       36408.89
    2695.167 0.999975585938    9999756       40960.00
    2760.703 0.999978637695    9999788       46811.43
    2826.239 0.999981689453    9999817       54613.33
    2934.783 0.999984741211    9999848       65536.00
    3076.095 0.999986267090    9999863       72817.78
    3231.743 0.999987792969    9999878       81920.00
    3407.871 0.999989318848    9999894       93622.86
    3657.727 0.999990844727    9999909      109226.67
    3901.439 0.999992370605    9999924      131072.00
    4081.663 0.999993133545    9999932      145635.56
    4110.335 0.999993896484    9999940      163840.00
    4218.879 0.999994659424    9999947      187245.71
    4390.911 0.999995422363    9999955      218453.33
    4718.591 0.999996185303    9999962      262144.00
    4796.415 0.999996566772    9999966      291271.11
    5091.327 0.999996948242    9999970      327680.00
    5152.767 0.999997329712    9999974      374491.43
    5541.887 0.999997711182    9999978      436906.67
    6467.583 0.999998092651    9999981      524288.00
    6610.943 0.999998283386    9999983      582542.22
    7155.711 0.999998474121    9999985      655360.00
    7225.343 0.999998664856    9999987      748982.86
    7548.927 0.999998855591    9999989      873813.33
    7954.431 0.999999046326    9999991     1048576.00
    7999.487 0.999999141693    9999992     1165084.44
    8097.791 0.999999237061    9999993     1310720.00
    8249.343 0.999999332428    9999994     1497965.71
    8396.799 0.999999427795    9999995     1747626.67
    8617.983 0.999999523163    9999996     2097152.00
    8617.983 0.999999570847    9999996     2330168.89
    9125.887 0.999999618530    9999997     2621440.00
    9125.887 0.999999666214    9999997     2995931.43
   10788.863 0.999999713898    9999998     3495253.33
   10788.863 0.999999761581    9999998     4194304.00
   10788.863 0.999999785423    9999998     4660337.78
   11902.975 0.999999809265    9999999     5242880.00
   11902.975 0.999999833107    9999999     5991862.86
   11902.975 0.999999856949    9999999     6990506.67
   11902.975 0.999999880791    9999999     8388608.00
   11902.975 0.999999892712    9999999     9320675.55
   13885.439 0.999999904633   10000000    10485760.00
   13885.439 1.000000000000   10000000
#[Mean    =       33.913, StdDeviation   =       33.763]
#[Max     =    13885.439, Total count    =     10000000]
#[Buckets =           24, SubBuckets     =         2048]

Execute again? (y/n): Unavailable image on aeron:udp?endpoint=ping:40123 streamId=1003 sessionId=1539451445
